Apr 03, 2017 6:48:14 PM codeu.chat.ClientMain main
INFO: ============================= START OF LOG =============================
Apr 03, 2017 6:48:14 PM codeu.chat.ClientMain main
INFO: Starting chat client...
Apr 03, 2017 6:48:14 PM codeu.chat.ClientMain main
INFO: Creating client...
Apr 03, 2017 6:48:14 PM codeu.chat.ClientMain main
INFO: Created client
Apr 03, 2017 6:48:41 PM codeu.chat.client.Controller newUser
INFO: newUser: Request completed.
Apr 03, 2017 6:48:41 PM codeu.chat.client.Controller newUser
INFO: newUser: Response completed.
Apr 03, 2017 6:48:41 PM codeu.chat.client.ClientUser addUser
INFO: New user complete, Name= "janice" UUID=[UUID:100.101.3052722687]
Apr 03, 2017 6:49:24 PM codeu.chat.client.Controller newUser
INFO: newUser: Request completed.
Apr 03, 2017 6:49:24 PM codeu.chat.client.Controller newUser
INFO: newUser: Response completed.
Apr 03, 2017 6:49:24 PM codeu.chat.client.ClientUser addUser
INFO: New user complete, Name= "pooh" UUID=[UUID:100.101.1106907955]
Apr 03, 2017 6:49:27 PM codeu.chat.client.Controller newUser
INFO: newUser: Request completed.
Apr 03, 2017 6:49:27 PM codeu.chat.client.Controller newUser
INFO: newUser: Response completed.
Apr 03, 2017 6:49:27 PM codeu.chat.client.ClientUser addUser
INFO: New user complete, Name= "pooh" UUID=[UUID:100.101.868962459]
Apr 03, 2017 6:49:55 PM codeu.chat.client.Controller newUser
INFO: newUser: Request completed.
Apr 03, 2017 6:49:55 PM codeu.chat.client.Controller newUser
INFO: newUser: Response completed.
Apr 03, 2017 6:49:55 PM codeu.chat.client.ClientUser addUser
INFO: New user complete, Name= "frog" UUID=[UUID:100.101.892218783]
