Apr 17, 2017 6:49:22 PM codeu.chat.ServerMain main
INFO: ============================= START OF LOG =============================
Apr 17, 2017 6:49:22 PM codeu.chat.ServerMain main
INFO: Starting server...
Apr 17, 2017 6:49:22 PM codeu.chat.ServerMain runServer
INFO: Created server.
Apr 17, 2017 6:49:22 PM codeu.chat.server.Server$1 run
INFO: Reading update from relay...
Apr 17, 2017 6:49:22 PM codeu.chat.ServerMain runServer
INFO: Established connection...
Apr 17, 2017 6:49:27 PM codeu.chat.server.Server$1 run
INFO: Reading update from relay...
Apr 17, 2017 6:49:29 PM codeu.chat.ServerMain runServer
INFO: Connection established.
Apr 17, 2017 6:49:29 PM codeu.chat.ServerMain runServer
INFO: Established connection...
Apr 17, 2017 6:49:29 PM codeu.chat.server.Server$2 run
INFO: Handling connection...
Apr 17, 2017 6:49:29 PM codeu.chat.server.Controller newUser
INFO: newUser success (user.id=[UUID:100.101.472438562] user.name=janice user.time=17-Apr-2017 18:49:29.448)
Apr 17, 2017 6:49:29 PM codeu.chat.server.Server$2 run
INFO: Connection handled: ACCEPTED
Apr 17, 2017 6:49:29 PM codeu.chat.ServerMain runServer
INFO: Connection established.
Apr 17, 2017 6:49:29 PM codeu.chat.ServerMain runServer
INFO: Established connection...
Apr 17, 2017 6:49:29 PM codeu.chat.server.Server$2 run
INFO: Handling connection...
Apr 17, 2017 6:49:29 PM codeu.chat.server.Server$2 run
INFO: Connection handled: ACCEPTED
Apr 17, 2017 6:49:32 PM codeu.chat.server.Server$1 run
INFO: Reading update from relay...
Apr 17, 2017 6:49:33 PM codeu.chat.ServerMain runServer
INFO: Connection established.
Apr 17, 2017 6:49:33 PM codeu.chat.ServerMain runServer
INFO: Established connection...
Apr 17, 2017 6:49:33 PM codeu.chat.server.Server$2 run
INFO: Handling connection...
Apr 17, 2017 6:49:33 PM codeu.chat.server.Controller newUser
INFO: newUser success (user.id=[UUID:100.101.1713600728] user.name=richard user.time=17-Apr-2017 18:49:33.679)
Apr 17, 2017 6:49:33 PM codeu.chat.server.Server$2 run
INFO: Connection handled: ACCEPTED
Apr 17, 2017 6:49:33 PM codeu.chat.ServerMain runServer
INFO: Connection established.
Apr 17, 2017 6:49:33 PM codeu.chat.ServerMain runServer
INFO: Established connection...
Apr 17, 2017 6:49:33 PM codeu.chat.server.Server$2 run
INFO: Handling connection...
Apr 17, 2017 6:49:33 PM codeu.chat.server.Server$2 run
INFO: Connection handled: ACCEPTED
Apr 17, 2017 6:49:37 PM codeu.chat.server.Server$1 run
INFO: Reading update from relay...
Apr 17, 2017 6:49:42 PM codeu.chat.server.Server$1 run
INFO: Reading update from relay...
Apr 17, 2017 6:49:47 PM codeu.chat.server.Server$1 run
INFO: Reading update from relay...
Apr 17, 2017 6:49:50 PM codeu.chat.ServerMain runServer
INFO: Connection established.
Apr 17, 2017 6:49:50 PM codeu.chat.server.Server$2 run
INFO: Handling connection...
Apr 17, 2017 6:49:50 PM codeu.chat.ServerMain runServer
INFO: Established connection...
Apr 17, 2017 6:49:50 PM codeu.chat.server.Server$2 run
INFO: Connection handled: ACCEPTED
Apr 17, 2017 6:49:52 PM codeu.chat.server.Server$1 run
INFO: Reading update from relay...
Apr 17, 2017 6:49:57 PM codeu.chat.server.Server$1 run
INFO: Reading update from relay...
Apr 17, 2017 6:50:02 PM codeu.chat.server.Server$1 run
INFO: Reading update from relay...
Apr 17, 2017 6:50:04 PM codeu.chat.ServerMain runServer
INFO: Connection established.
Apr 17, 2017 6:50:04 PM codeu.chat.ServerMain runServer
INFO: Established connection...
Apr 17, 2017 6:50:04 PM codeu.chat.server.Server$2 run
INFO: Handling connection...
Apr 17, 2017 6:50:04 PM codeu.chat.server.Server$2 run
INFO: Connection handled: ACCEPTED
Apr 17, 2017 6:50:07 PM codeu.chat.server.Server$1 run
INFO: Reading update from relay...
Apr 17, 2017 6:50:12 PM codeu.chat.server.Server$1 run
INFO: Reading update from relay...
